{"type":"server-started","port":57542,"host":"127.0.0.1","url_host":"localhost","url":"http://localhost:57542","screen_dir":"/Users/harshagrawal/Documents/Sanadige/.superpowers/brainstorm/32838-1776453956/content","state_dir":"/Users/harshagrawal/Documents/Sanadige/.superpowers/brainstorm/32838-1776453956/state"}
{"type":"screen-added","file":"/Users/harshagrawal/Documents/Sanadige/.superpowers/brainstorm/32838-1776453956/content/layout-options.html"}
{"source":"user-event","type":"click","text":"A — Icon Sidebar (Slim)\n      Slim collapsible icon rail. Expands on hover to show labels. Ideal for tablet (collapsed) and desktop (expanded). Clean, modern SaaS feel.","choice":"a","id":null,"timestamp":1776454342228}
{"source":"user-event","type":"click","text":"A — Icon Sidebar (Slim)\n      Slim collapsible icon rail. Expands on hover to show labels. Ideal for tablet (collapsed) and desktop (expanded). Clean, modern SaaS feel.","choice":"a","id":null,"timestamp":1776454344069}
{"source":"user-event","type":"click","text":"A — Icon Sidebar (Slim)\n      Slim collapsible icon rail. Expands on hover to show labels. Ideal for tablet (collapsed) and desktop (expanded). Clean, modern SaaS feel.","choice":"a","id":null,"timestamp":1776454344336}
{"source":"user-event","type":"click","text":"A — Icon Sidebar (Slim)\n      Slim collapsible icon rail. Expands on hover to show labels. Ideal for tablet (collapsed) and desktop (expanded). Clean, modern SaaS feel.","choice":"a","id":null,"timestamp":1776454344535}
{"source":"user-event","type":"click","text":"A — Icon Sidebar (Slim)\n      Slim collapsible icon rail. Expands on hover to show labels. Ideal for tablet (collapsed) and desktop (expanded). Clean, modern SaaS feel.","choice":"a","id":null,"timestamp":1776454344701}
{"source":"user-event","type":"click","text":"A — Icon Sidebar (Slim)\n      Slim collapsible icon rail. Expands on hover to show labels. Ideal for tablet (collapsed) and desktop (expanded). Clean, modern SaaS feel.","choice":"a","id":null,"timestamp":1776454344868}
{"source":"user-event","type":"click","text":"A — Icon Sidebar (Slim)\n      Slim collapsible icon rail. Expands on hover to show labels. Ideal for tablet (collapsed) and desktop (expanded). Clean, modern SaaS feel.","choice":"a","id":null,"timestamp":1776454345086}
{"source":"user-event","type":"click","text":"A — Icon Sidebar (Slim)\n      Slim collapsible icon rail. Expands on hover to show labels. Ideal for tablet (collapsed) and desktop (expanded). Clean, modern SaaS feel.","choice":"a","id":null,"timestamp":1776454357573}
{"source":"user-event","type":"click","text":"A — Icon Sidebar (Slim)\n      Slim collapsible icon rail. Expands on hover to show labels. Ideal for tablet (collapsed) and desktop (expanded). Clean, modern SaaS feel.","choice":"a","id":null,"timestamp":1776454358187}
{"source":"user-event","type":"click","text":"A — Icon Sidebar (Slim)\n      Slim collapsible icon rail. Expands on hover to show labels. Ideal for tablet (collapsed) and desktop (expanded). Clean, modern SaaS feel.","choice":"a","id":null,"timestamp":1776454358386}
{"source":"user-event","type":"click","text":"A — Icon Sidebar (Slim)\n      Slim collapsible icon rail. Expands on hover to show labels. Ideal for tablet (collapsed) and desktop (expanded). Clean, modern SaaS feel.","choice":"a","id":null,"timestamp":1776454358553}
{"source":"user-event","type":"click","text":"A — Icon Sidebar (Slim)\n      Slim collapsible icon rail. Expands on hover to show labels. Ideal for tablet (collapsed) and desktop (expanded). Clean, modern SaaS feel.","choice":"a","id":null,"timestamp":1776454358737}
{"source":"user-event","type":"click","text":"A — Icon Sidebar (Slim)\n      Slim collapsible icon rail. Expands on hover to show labels. Ideal for tablet (collapsed) and desktop (expanded). Clean, modern SaaS feel.","choice":"a","id":null,"timestamp":1776454358924}
{"source":"user-event","type":"click","text":"B — Top Nav + Tab Sections\n      Horizontal top bar with section tabs. Familiar, good for tablet swipe. Less room for persistent live widgets.","choice":"b","id":null,"timestamp":1776454359737}
{"source":"user-event","type":"click","text":"B — Top Nav + Tab Sections\n      Horizontal top bar with section tabs. Familiar, good for tablet swipe. Less room for persistent live widgets.","choice":"b","id":null,"timestamp":1776454360170}
{"source":"user-event","type":"click","text":"B — Top Nav + Tab Sections\n      Horizontal top bar with section tabs. Familiar, good for tablet swipe. Less room for persistent live widgets.","choice":"b","id":null,"timestamp":1776454360369}
{"source":"user-event","type":"click","text":"B — Top Nav + Tab Sections\n      Horizontal top bar with section tabs. Familiar, good for tablet swipe. Less room for persistent live widgets.","choice":"b","id":null,"timestamp":1776454360519}
{"source":"user-event","type":"click","text":"B — Top Nav + Tab Sections\n      Horizontal top bar with section tabs. Familiar, good for tablet swipe. Less room for persistent live widgets.","choice":"b","id":null,"timestamp":1776454360686}
{"source":"user-event","type":"click","text":"B — Top Nav + Tab Sections\n      Horizontal top bar with section tabs. Familiar, good for tablet swipe. Less room for persistent live widgets.","choice":"b","id":null,"timestamp":1776454360869}
{"source":"user-event","type":"click","text":"C — Wide Sidebar + Mission Control ⭐\n      Persistent labelled sidebar. Home = live command-centre with KPI cards, bookings chart, catch status, activity feed. Deep sections for each area. Most premium — recommended.","choice":"c","id":null,"timestamp":1776454361736}
{"source":"user-event","type":"click","text":"C — Wide Sidebar + Mission Control ⭐\n      Persistent labelled sidebar. Home = live command-centre with KPI cards, bookings chart, catch status, activity feed. Deep sections for each area. Most premium — recommended.","choice":"c","id":null,"timestamp":1776454361918}
{"source":"user-event","type":"click","text":"C — Wide Sidebar + Mission Control ⭐\n      Persistent labelled sidebar. Home = live command-centre with KPI cards, bookings chart, catch status, activity feed. Deep sections for each area. Most premium — recommended.","choice":"c","id":null,"timestamp":1776454362137}
{"source":"user-event","type":"click","text":"C — Wide Sidebar + Mission Control ⭐\n      Persistent labelled sidebar. Home = live command-centre with KPI cards, bookings chart, catch status, activity feed. Deep sections for each area. Most premium — recommended.","choice":"c","id":null,"timestamp":1776454362319}
{"source":"user-event","type":"click","text":"C — Wide Sidebar + Mission Control ⭐\n      Persistent labelled sidebar. Home = live command-centre with KPI cards, bookings chart, catch status, activity feed. Deep sections for each area. Most premium — recommended.","choice":"c","id":null,"timestamp":1776454362503}
{"source":"user-event","type":"click","text":"C — Wide Sidebar + Mission Control ⭐\n      Persistent labelled sidebar. Home = live command-centre with KPI cards, bookings chart, catch status, activity feed. Deep sections for each area. Most premium — recommended.","choice":"c","id":null,"timestamp":1776454367804}
{"source":"user-event","type":"click","text":"C — Wide Sidebar + Mission Control ⭐\n      Persistent labelled sidebar. Home = live command-centre with KPI cards, bookings chart, catch status, activity feed. Deep sections for each area. Most premium — recommended.","choice":"c","id":null,"timestamp":1776454382384}
{"type":"screen-added","file":"/Users/harshagrawal/Documents/Sanadige/.superpowers/brainstorm/32838-1776453956/content/color-options.html"}
{"source":"user-event","type":"click","text":"BOOKINGS\n              24\n            \n            \n              CATCH\n              7/9\n            \n            \n              REVENUE\n              ₹48k\n            \n          \n          \n            BOOKINGS THIS WEEK\n            \n              \n              \n              \n              \n              \n              \n              \n            \n          \n        \n      \n      \n        \n        \n        \n        \n        \n      \n    \n    \n      C — Warm Light (Coastal Earthy)\n      Off-white/cream background, deep forest green primary, terracotta accents. Warm, premium, restaurant-quality feel. Works well in bright kitchen/front-desk lighting.","choice":"c","id":null,"timestamp":1776454490231}
{"type":"screen-added","file":"/Users/harshagrawal/Documents/Sanadige/.superpowers/brainstorm/32838-1776453956/content/mission-control-mockup.html"}
{"type":"screen-added","file":"/Users/harshagrawal/Documents/Sanadige/.superpowers/brainstorm/32838-1776453956/content/section-mockups.html"}
{"type":"screen-added","file":"/Users/harshagrawal/Documents/Sanadige/.superpowers/brainstorm/32838-1776453956/content/section-mockups-v2.html"}
{"type":"server-stopped","reason":"idle timeout"}
